  $ /Users/adamdomnie/.nvm/versions/node/v22.14.0/bin/node -p require.resolve(     "react-native/scripts/react_native_pods.rb",     {paths: [process.argv[1]]},   ) /Users/adamdomnie/dev/ReactNative/rnToDo/client/ios
  /Users/adamdomnie/dev/ReactNative/rnToDo/client/node_modules/react-native/scripts/react_native_pods.rb
Found 16 modules for target `client`
link_native_modules! {:ios_packages=>[{:configurations=>[], :name=>"@aws-amplify/react-native", :path=>"../node_modules/@aws-amplify/react-native", :podspec_path=>"/Users/adamdomnie/dev/ReactNative/rnToDo/client/node_modules/@aws-amplify/react-native/AmplifyRTNCore.podspec", :script_phases=>[]}, {:configurations=>[], :name=>"@aws-amplify/rtn-web-browser", :path=>"../node_modules/@aws-amplify/rtn-web-browser", :podspec_path=>"/Users/adamdomnie/dev/ReactNative/rnToDo/client/node_modules/@aws-amplify/rtn-web-browser/AmplifyRTNWebBrowser.podspec", :script_phases=>[]}, {:configurations=>[], :name=>"@react-native-async-storage/async-storage", :path=>"../node_modules/@react-native-async-storage/async-storage", :podspec_path=>"/Users/adamdomnie/dev/ReactNative/rnToDo/client/node_modules/@react-native-async-storage/async-storage/RNCAsyncStorage.podspec", :script_phases=>[]}, {:configurations=>[], :name=>"@react-native-community/checkbox", :path=>"../node_modules/@react-native-community/checkbox", :podspec_path=>"/Users/adamdomnie/dev/ReactNative/rnToDo/client/node_modules/@react-native-community/checkbox/RNCCheckbox.podspec", :script_phases=>[]}, {:configurations=>[], :name=>"@react-native-community/masked-view", :path=>"../node_modules/@react-native-community/masked-view", :podspec_path=>"/Users/adamdomnie/dev/ReactNative/rnToDo/client/node_modules/@react-native-community/masked-view/RNCMaskedView.podspec", :script_phases=>[]}, {:configurations=>[], :name=>"@react-native-community/netinfo", :path=>"../node_modules/@react-native-community/netinfo", :podspec_path=>"/Users/adamdomnie/dev/ReactNative/rnToDo/client/node_modules/@react-native-community/netinfo/react-native-netinfo.podspec", :script_phases=>[]}, {:configurations=>[], :name=>"react-native-gesture-handler", :path=>"../node_modules/react-native-gesture-handler", :podspec_path=>"/Users/adamdomnie/dev/ReactNative/rnToDo/client/node_modules/react-native-gesture-handler/RNGestureHandler.podspec", :script_phases=>[]}, {:configurations=>[], :name=>"react-native-get-random-values", :path=>"../node_modules/react-native-get-random-values", :podspec_path=>"/Users/adamdomnie/dev/ReactNative/rnToDo/client/node_modules/react-native-get-random-values/react-native-get-random-values.podspec", :script_phases=>[]}, {:configurations=>[], :name=>"react-native-haptic-feedback", :path=>"../node_modules/react-native-haptic-feedback", :podspec_path=>"/Users/adamdomnie/dev/ReactNative/rnToDo/client/node_modules/react-native-haptic-feedback/RNReactNativeHapticFeedback.podspec", :script_phases=>[]}, {:configurations=>[], :name=>"react-native-mmkv", :path=>"../node_modules/react-native-mmkv", :podspec_path=>"/Users/adamdomnie/dev/ReactNative/rnToDo/client/node_modules/react-native-mmkv/react-native-mmkv.podspec", :script_phases=>[]}, {:configurations=>[], :name=>"react-native-pager-view", :path=>"../node_modules/react-native-pager-view", :podspec_path=>"/Users/adamdomnie/dev/ReactNative/rnToDo/client/node_modules/react-native-pager-view/react-native-pager-view.podspec", :script_phases=>[]}, {:configurations=>[], :name=>"react-native-reanimated", :path=>"../node_modules/react-native-reanimated", :podspec_path=>"/Users/adamdomnie/dev/ReactNative/rnToDo/client/node_modules/react-native-reanimated/RNReanimated.podspec", :script_phases=>[]}, {:configurations=>[], :name=>"react-native-safe-area-context", :path=>"../node_modules/react-native-safe-area-context", :podspec_path=>"/Users/adamdomnie/dev/ReactNative/rnToDo/client/node_modules/react-native-safe-area-context/react-native-safe-area-context.podspec", :script_phases=>[]}, {:configurations=>[], :name=>"react-native-screens", :path=>"../node_modules/react-native-screens", :podspec_path=>"/Users/adamdomnie/dev/ReactNative/rnToDo/client/node_modules/react-native-screens/RNScreens.podspec", :script_phases=>[]}, {:configurations=>[], :name=>"react-native-svg", :path=>"../node_modules/react-native-svg", :podspec_path=>"/Users/adamdomnie/dev/ReactNative/rnToDo/client/node_modules/react-native-svg/RNSVG.podspec", :script_phases=>[]}, {:configurations=>[], :name=>"react-native-vector-icons", :path=>"../node_modules/react-native-vector-icons", :podspec_path=>"/Users/adamdomnie/dev/ReactNative/rnToDo/client/node_modules/react-native-vector-icons/RNVectorIcons.podspec", :script_phases=>[]}], :ios_project_root_path=>"/Users/adamdomnie/dev/ReactNative/rnToDo/client/ios", :react_native_path=>"../node_modules/react-native"}
Auto-linking React Native modules for target `client`: AmplifyRTNCore, AmplifyRTNWebBrowser, RNCAsyncStorage, RNCCheckbox, RNCMaskedView, RNGestureHandler, RNReactNativeHapticFeedback, RNReanimated, RNSVG, RNScreens, RNVectorIcons, react-native-get-random-values, react-native-mmkv, react-native-netinfo, react-native-pager-view, and react-native-safe-area-context
Framework build type is static library
[Codegen] Adding script_phases to ReactCodegen.
  $ /bin/mkdir -p ./build/generated/ios
[Codegen] Generating ./build/generated/ios/ReactCodegen.podspec.json
  $ /Users/adamdomnie/.nvm/versions/node/v22.14.0/bin/node ./../node_modules/react-native/scripts/generate-codegen-artifacts.js -p /Users/adamdomnie/dev/ReactNative/rnToDo/client/ios/.. -o /Users/adamdomnie/dev/ReactNative/rnToDo/client/ios -t ios
  [Codegen] Analyzing /Users/adamdomnie/dev/ReactNative/rnToDo/client/package.json
  [Codegen] Searching for codegen-enabled libraries in the app.
  [Codegen] The "codegenConfig" field is not defined in package.json. Assuming there is nothing to generate at the app level.
  [Codegen] Searching for codegen-enabled libraries in the project dependencies.
  [Codegen] Found @react-native-async-storage/async-storage
  [Codegen] Found react-native
  [Codegen] Found react-native-gesture-handler
  [Codegen] Found react-native-haptic-feedback
  [Codegen] Found react-native-mmkv
  [Codegen] Found react-native-pager-view
  [Codegen] Found react-native-reanimated
  [Codegen] Found react-native-safe-area-context
  [Codegen] Found react-native-screens
  [Codegen] Found react-native-svg
  [Codegen] Found react-native-vector-icons
  
  
  [Codegen] >>>>> Searching for codegen-enabled libraries in react-native.config.js
  [Codegen] Processing rnasyncstorage
  [Codegen] Searching for podspec in the project dependencies.
  [Codegen] Supported Apple platforms: ios, macos, tvos, visionos for rnasyncstorage
  [Codegen] Processing FBReactNativeSpec
  [Codegen] Searching for podspec in the project dependencies.
  [Codegen] Processing rncore
  [Codegen] Searching for podspec in the project dependencies.
  [Codegen] Processing rngesturehandler_codegen
  [Codegen] Searching for podspec in the project dependencies.
  [Codegen] Supported Apple platforms: ios, macos, tvos, visionos for rngesturehandler_codegen
  [Codegen] Processing RNHapticFeedbackSpec
  [Codegen] Searching for podspec in the project dependencies.
  [Codegen] Supported Apple platforms: ios for RNHapticFeedbackSpec
  [Codegen] Processing reactnativemmkv
  [Codegen] Searching for podspec in the project dependencies.
  [Codegen] Supported Apple platforms: ios, macos, tvos for reactnativemmkv
  [Codegen] Processing pagerview
  [Codegen] Searching for podspec in the project dependencies.
  [Codegen] Supported Apple platforms: ios, visionos for pagerview
  [Codegen] Processing rnreanimated
  [Codegen] Searching for podspec in the project dependencies.
  [Codegen] Supported Apple platforms: ios, macos, tvos, visionos for rnreanimated
  [Codegen] Processing safeareacontext
  [Codegen] Searching for podspec in the project dependencies.
  [Codegen] Supported Apple platforms: ios, macos, tvos, visionos for safeareacontext
  [Codegen] Processing rnscreens
  [Codegen] Searching for podspec in the project dependencies.
  [Codegen] Supported Apple platforms: ios, tvos, visionos for rnscreens
  [Codegen] Processing rnsvg
  [Codegen] Searching for podspec in the project dependencies.
  [Codegen] Supported Apple platforms: ios, macos, tvos, visionos for rnsvg
  [Codegen] Processing RNVectorIconsSpec
  [Codegen] Searching for podspec in the project dependencies.
  [Codegen] Supported Apple platforms: ios, tvos, visionos for RNVectorIconsSpec
  [Codegen] Generating Native Code for rnasyncstorage - ios
  [Codegen] Generated artifacts: /Users/adamdomnie/dev/ReactNative/rnToDo/client/ios/build/generated/ios
  [Codegen] Generating Native Code for FBReactNativeSpec - ios
  [Codegen] Generated artifacts: /Users/adamdomnie/dev/ReactNative/rnToDo/client/ios/build/generated/ios
  [Codegen - rncore] Skipping iOS code generation for rncore as it has been generated already.
  [Codegen] Generating Native Code for rngesturehandler_codegen - ios
  [Codegen] Generated artifacts: /Users/adamdomnie/dev/ReactNative/rnToDo/client/ios/build/generated/ios
  [Codegen] Generating Native Code for RNHapticFeedbackSpec - ios
  [Codegen] Generated artifacts: /Users/adamdomnie/dev/ReactNative/rnToDo/client/ios/build/generated/ios
  [Codegen] Generating Native Code for reactnativemmkv - ios
  [Codegen] Generated artifacts: /Users/adamdomnie/dev/ReactNative/rnToDo/client/ios/build/generated/ios
  [Codegen] Generating Native Code for pagerview - ios
  [Codegen] Generated artifacts: /Users/adamdomnie/dev/ReactNative/rnToDo/client/ios/build/generated/ios
  [Codegen] Generating Native Code for rnreanimated - ios
  [Codegen] Generated artifacts: /Users/adamdomnie/dev/ReactNative/rnToDo/client/ios/build/generated/ios
  [Codegen] Generating Native Code for safeareacontext - ios
  [Codegen] Generated artifacts: /Users/adamdomnie/dev/ReactNative/rnToDo/client/ios/build/generated/ios
  [Codegen] Generating Native Code for rnscreens - ios
  [Codegen] Generated artifacts: /Users/adamdomnie/dev/ReactNative/rnToDo/client/ios/build/generated/ios
  [Codegen] Generating Native Code for rnsvg - ios
  [Codegen] Generated artifacts: /Users/adamdomnie/dev/ReactNative/rnToDo/client/ios/build/generated/ios
  [Codegen] Generating Native Code for RNVectorIconsSpec - ios
  [Codegen] Generated artifacts: /Users/adamdomnie/dev/ReactNative/rnToDo/client/ios/build/generated/ios
  [Codegen] Creating component provider.
  [Codegen] Generated provider in: /Users/adamdomnie/dev/ReactNative/rnToDo/client/node_modules/react-native/React/Fabric
  [Codegen] Done.
[Codegen] Analyzing /Users/adamdomnie/dev/ReactNative/rnToDo/client/package.json
[Codegen] Searching for codegen-enabled libraries in the app.
[Codegen] The "codegenConfig" field is not defined in package.json. Assuming there is nothing to generate at the app level.
[Codegen] Searching for codegen-enabled libraries in the project dependencies.
[Codegen] Found @react-native-async-storage/async-storage
[Codegen] Found react-native
[Codegen] Found react-native-gesture-handler
[Codegen] Found react-native-haptic-feedback
[Codegen] Found react-native-mmkv
[Codegen] Found react-native-pager-view
[Codegen] Found react-native-reanimated
[Codegen] Found react-native-safe-area-context
[Codegen] Found react-native-screens
[Codegen] Found react-native-svg
[Codegen] Found react-native-vector-icons


[Codegen] >>>>> Searching for codegen-enabled libraries in react-native.config.js
[Codegen] Processing rnasyncstorage
[Codegen] Searching for podspec in the project dependencies.
[Codegen] Supported Apple platforms: ios, macos, tvos, visionos for rnasyncstorage
[Codegen] Processing FBReactNativeSpec
[Codegen] Searching for podspec in the project dependencies.
[Codegen] Processing rncore
[Codegen] Searching for podspec in the project dependencies.
[Codegen] Processing rngesturehandler_codegen
[Codegen] Searching for podspec in the project dependencies.
[Codegen] Supported Apple platforms: ios, macos, tvos, visionos for rngesturehandler_codegen
[Codegen] Processing RNHapticFeedbackSpec
[Codegen] Searching for podspec in the project dependencies.
[Codegen] Supported Apple platforms: ios for RNHapticFeedbackSpec
[Codegen] Processing reactnativemmkv
[Codegen] Searching for podspec in the project dependencies.
[Codegen] Supported Apple platforms: ios, macos, tvos for reactnativemmkv
[Codegen] Processing pagerview
[Codegen] Searching for podspec in the project dependencies.
[Codegen] Supported Apple platforms: ios, visionos for pagerview
[Codegen] Processing rnreanimated
[Codegen] Searching for podspec in the project dependencies.
[Codegen] Supported Apple platforms: ios, macos, tvos, visionos for rnreanimated
[Codegen] Processing safeareacontext
[Codegen] Searching for podspec in the project dependencies.
[Codegen] Supported Apple platforms: ios, macos, tvos, visionos for safeareacontext
[Codegen] Processing rnscreens
[Codegen] Searching for podspec in the project dependencies.
[Codegen] Supported Apple platforms: ios, tvos, visionos for rnscreens
[Codegen] Processing rnsvg
[Codegen] Searching for podspec in the project dependencies.
[Codegen] Supported Apple platforms: ios, macos, tvos, visionos for rnsvg
[Codegen] Processing RNVectorIconsSpec
[Codegen] Searching for podspec in the project dependencies.
[Codegen] Supported Apple platforms: ios, tvos, visionos for RNVectorIconsSpec
[Codegen] Generating Native Code for rnasyncstorage - ios
[Codegen] Generated artifacts: /Users/adamdomnie/dev/ReactNative/rnToDo/client/ios/build/generated/ios
[Codegen] Generating Native Code for FBReactNativeSpec - ios
[Codegen] Generated artifacts: /Users/adamdomnie/dev/ReactNative/rnToDo/client/ios/build/generated/ios
[Codegen - rncore] Skipping iOS code generation for rncore as it has been generated already.
[Codegen] Generating Native Code for rngesturehandler_codegen - ios
[Codegen] Generated artifacts: /Users/adamdomnie/dev/ReactNative/rnToDo/client/ios/build/generated/ios
[Codegen] Generating Native Code for RNHapticFeedbackSpec - ios
[Codegen] Generated artifacts: /Users/adamdomnie/dev/ReactNative/rnToDo/client/ios/build/generated/ios
[Codegen] Generating Native Code for reactnativemmkv - ios
[Codegen] Generated artifacts: /Users/adamdomnie/dev/ReactNative/rnToDo/client/ios/build/generated/ios
[Codegen] Generating Native Code for pagerview - ios
[Codegen] Generated artifacts: /Users/adamdomnie/dev/ReactNative/rnToDo/client/ios/build/generated/ios
[Codegen] Generating Native Code for rnreanimated - ios
[Codegen] Generated artifacts: /Users/adamdomnie/dev/ReactNative/rnToDo/client/ios/build/generated/ios
[Codegen] Generating Native Code for safeareacontext - ios
[Codegen] Generated artifacts: /Users/adamdomnie/dev/ReactNative/rnToDo/client/ios/build/generated/ios
[Codegen] Generating Native Code for rnscreens - ios
[Codegen] Generated artifacts: /Users/adamdomnie/dev/ReactNative/rnToDo/client/ios/build/generated/ios
[Codegen] Generating Native Code for rnsvg - ios
[Codegen] Generated artifacts: /Users/adamdomnie/dev/ReactNative/rnToDo/client/ios/build/generated/ios
[Codegen] Generating Native Code for RNVectorIconsSpec - ios
[Codegen] Generated artifacts: /Users/adamdomnie/dev/ReactNative/rnToDo/client/ios/build/generated/ios
[Codegen] Creating component provider.
[Codegen] Generated provider in: /Users/adamdomnie/dev/ReactNative/rnToDo/client/node_modules/react-native/React/Fabric
[Codegen] Done.
No modules to process in combine-js-to-schema-cli. If this is unexpected, please check if you set up your NativeComponent correctly. See combine-js-to-schema.js for how codegen finds modules.
  Preparing

Analyzing dependencies

Inspecting targets to integrate
  Using `ARCHS` setting to build architectures of target `Pods-client`: (``)
  Using `ARCHS` setting to build architectures of target `Pods-client-clientTests`: (``)

Finding Podfile changes
  - AmplifyRTNCore
  - AmplifyRTNWebBrowser
  - DoubleConversion
  - FBLazyVector
  - RCT-Folly
  - RCTDeprecation
  - RCTRequired
  - RCTTypeSafety
  - RNCAsyncStorage
  - RNCCheckbox
  - RNCMaskedView
  - RNGestureHandler
  - RNReactNativeHapticFeedback
  - RNReanimated
  - RNSVG
  - RNScreens
  - RNVectorIcons
  - React
  - React-Core
  - React-CoreModules
  - React-Fabric
  - React-FabricComponents
  - React-FabricImage
  - React-ImageManager
  - React-Mapbuffer
  - React-NativeModulesApple
  - React-RCTActionSheet
  - React-RCTAnimation
  - React-RCTAppDelegate
  - React-RCTBlob
  - React-RCTFabric
  - React-RCTImage
  - React-RCTLinking
  - React-RCTNetwork
  - React-RCTSettings
  - React-RCTText
  - React-RCTVibration
  - React-RuntimeApple
  - React-RuntimeCore
  - React-RuntimeHermes
  - React-callinvoker
  - React-cxxreact
  - React-debug
  - React-defaultsnativemodule
  - React-domnativemodule
  - React-featureflags
  - React-featureflagsnativemodule
  - React-graphics
  - React-hermes
  - React-idlecallbacksnativemodule
  - React-jserrorhandler
  - React-jsi
  - React-jsiexecutor
  - React-jsinspector
  - React-jsitracing
  - React-logger
  - React-microtasksnativemodule
  - React-nativeconfig
  - React-perflogger
  - React-performancetimeline
  - React-rendererconsistency
  - React-rendererdebug
  - React-rncore
  - React-runtimeexecutor
  - React-runtimescheduler
  - React-utils
  - ReactCodegen
  - ReactCommon
  - Yoga
  - boost
  - fmt
  - glog
  - hermes-engine
  - react-native-get-random-values
  - react-native-mmkv
  - react-native-netinfo
  - react-native-pager-view
  - react-native-safe-area-context

Fetching external sources
-> Fetching podspec for `AmplifyRTNCore` from `../node_modules/@aws-amplify/react-native`
-> Fetching podspec for `AmplifyRTNWebBrowser` from `../node_modules/@aws-amplify/rtn-web-browser`
-> Fetching podspec for `FBLazyVector` from `../node_modules/react-native/Libraries/FBLazyVector`
-> Fetching podspec for `RCTDeprecation` from `../node_modules/react-native/ReactApple/Libraries/RCTFoundation/RCTDeprecation`
-> Fetching podspec for `RCTRequired` from `../node_modules/react-native/Libraries/Required`
-> Fetching podspec for `RCTTypeSafety` from `../node_modules/react-native/Libraries/TypeSafety`
-> Fetching podspec for `RNCAsyncStorage` from `../node_modules/@react-native-async-storage/async-storage`
-> Fetching podspec for `RNCCheckbox` from `../node_modules/@react-native-community/checkbox`
-> Fetching podspec for `RNCMaskedView` from `../node_modules/@react-native-community/masked-view`
-> Fetching podspec for `RNGestureHandler` from `../node_modules/react-native-gesture-handler`
-> Fetching podspec for `RNReactNativeHapticFeedback` from `../node_modules/react-native-haptic-feedback`
-> Fetching podspec for `RNReanimated` from `../node_modules/react-native-reanimated`
-> Fetching podspec for `RNSVG` from `../node_modules/react-native-svg`
-> Fetching podspec for `RNScreens` from `../node_modules/react-native-screens`
-> Fetching podspec for `RNVectorIcons` from `../node_modules/react-native-vector-icons`
-> Fetching podspec for `React` from `../node_modules/react-native/`
-> Fetching podspec for `React-Core` from `../node_modules/react-native/`
-> Fetching podspec for `React-CoreModules` from `../node_modules/react-native/React/CoreModules`
-> Fetching podspec for `React-Fabric` from `../node_modules/react-native/ReactCommon`
-> Fetching podspec for `React-FabricComponents` from `../node_modules/react-native/ReactCommon`
-> Fetching podspec for `React-FabricImage` from `../node_modules/react-native/ReactCommon`
-> Fetching podspec for `React-ImageManager` from `../node_modules/react-native/ReactCommon/react/renderer/imagemanager/platform/ios`
-> Fetching podspec for `React-Mapbuffer` from `../node_modules/react-native/ReactCommon`
-> Fetching podspec for `React-NativeModulesApple` from `../node_modules/react-native/ReactCommon/react/nativemodule/core/platform/ios`
-> Fetching podspec for `React-RCTActionSheet` from `../node_modules/react-native/Libraries/ActionSheetIOS`
-> Fetching podspec for `React-RCTAnimation` from `../node_modules/react-native/Libraries/NativeAnimation`
-> Fetching podspec for `React-RCTAppDelegate` from `../node_modules/react-native/Libraries/AppDelegate`
-> Fetching podspec for `React-RCTBlob` from `../node_modules/react-native/Libraries/Blob`
-> Fetching podspec for `React-RCTFabric` from `../node_modules/react-native/React`
-> Fetching podspec for `React-RCTImage` from `../node_modules/react-native/Libraries/Image`
-> Fetching podspec for `React-RCTLinking` from `../node_modules/react-native/Libraries/LinkingIOS`
-> Fetching podspec for `React-RCTNetwork` from `../node_modules/react-native/Libraries/Network`
-> Fetching podspec for `React-RCTSettings` from `../node_modules/react-native/Libraries/Settings`
-> Fetching podspec for `React-RCTText` from `../node_modules/react-native/Libraries/Text`
-> Fetching podspec for `React-RCTVibration` from `../node_modules/react-native/Libraries/Vibration`
-> Fetching podspec for `React-RuntimeApple` from `../node_modules/react-native/ReactCommon/react/runtime/platform/ios`
-> Fetching podspec for `React-RuntimeCore` from `../node_modules/react-native/ReactCommon/react/runtime`
-> Fetching podspec for `React-RuntimeHermes` from `../node_modules/react-native/ReactCommon/react/runtime`
-> Fetching podspec for `React-callinvoker` from `../node_modules/react-native/ReactCommon/callinvoker`
-> Fetching podspec for `React-cxxreact` from `../node_modules/react-native/ReactCommon/cxxreact`
-> Fetching podspec for `React-debug` from `../node_modules/react-native/ReactCommon/react/debug`
-> Fetching podspec for `React-defaultsnativemodule` from `../node_modules/react-native/ReactCommon/react/nativemodule/defaults`
-> Fetching podspec for `React-domnativemodule` from `../node_modules/react-native/ReactCommon/react/nativemodule/dom`
-> Fetching podspec for `React-featureflags` from `../node_modules/react-native/ReactCommon/react/featureflags`
-> Fetching podspec for `React-featureflagsnativemodule` from `../node_modules/react-native/ReactCommon/react/nativemodule/featureflags`
-> Fetching podspec for `React-graphics` from `../node_modules/react-native/ReactCommon/react/renderer/graphics`
-> Fetching podspec for `React-hermes` from `../node_modules/react-native/ReactCommon/hermes`
-> Fetching podspec for `React-idlecallbacksnativemodule` from `../node_modules/react-native/ReactCommon/react/nativemodule/idlecallbacks`
-> Fetching podspec for `React-jserrorhandler` from `../node_modules/react-native/ReactCommon/jserrorhandler`
-> Fetching podspec for `React-jsi` from `../node_modules/react-native/ReactCommon/jsi`
-> Fetching podspec for `React-jsiexecutor` from `../node_modules/react-native/ReactCommon/jsiexecutor`
-> Fetching podspec for `React-jsinspector` from `../node_modules/react-native/ReactCommon/jsinspector-modern`
-> Fetching podspec for `React-jsitracing` from `../node_modules/react-native/ReactCommon/hermes/executor/`
-> Fetching podspec for `React-logger` from `../node_modules/react-native/ReactCommon/logger`
-> Fetching podspec for `React-microtasksnativemodule` from `../node_modules/react-native/ReactCommon/react/nativemodule/microtasks`
-> Fetching podspec for `React-nativeconfig` from `../node_modules/react-native/ReactCommon`
-> Fetching podspec for `React-perflogger` from `../node_modules/react-native/ReactCommon/reactperflogger`
-> Fetching podspec for `React-performancetimeline` from `../node_modules/react-native/ReactCommon/react/performance/timeline`
-> Fetching podspec for `React-rendererconsistency` from `../node_modules/react-native/ReactCommon/react/renderer/consistency`
-> Fetching podspec for `React-rendererdebug` from `../node_modules/react-native/ReactCommon/react/renderer/debug`
-> Fetching podspec for `React-rncore` from `../node_modules/react-native/ReactCommon`
-> Fetching podspec for `React-runtimeexecutor` from `../node_modules/react-native/ReactCommon/runtimeexecutor`
-> Fetching podspec for `React-runtimescheduler` from `../node_modules/react-native/ReactCommon/react/renderer/runtimescheduler`
-> Fetching podspec for `React-utils` from `../node_modules/react-native/ReactCommon/react/utils`
-> Fetching podspec for `ReactCodegen` from `build/generated/ios`
-> Fetching podspec for `ReactCommon` from `../node_modules/react-native/ReactCommon`
-> Fetching podspec for `Yoga` from `../node_modules/react-native/ReactCommon/yoga`
-> Fetching podspec for `react-native-get-random-values` from `../node_modules/react-native-get-random-values`
-> Fetching podspec for `react-native-mmkv` from `../node_modules/react-native-mmkv`
-> Fetching podspec for `react-native-netinfo` from `../node_modules/@react-native-community/netinfo`
-> Fetching podspec for `react-native-pager-view` from `../node_modules/react-native-pager-view`
-> Fetching podspec for `react-native-safe-area-context` from `../node_modules/react-native-safe-area-context`

Resolving dependencies of `Podfile`
  CDN: trunk Relative path: CocoaPods-version.yml exists! Returning local because checking is only performed in repo update
  CDN: trunk Relative path: all_pods_versions_a_9_3.txt exists! Returning local because checking is only performed in repo update
  CDN: trunk Relative path: Specs/a/9/3/SocketRocket/0.7.1/SocketRocket.podspec.json exists! Returning local because checking is only performed in repo update
  CDN: trunk Relative path: all_pods_versions_c_1_1.txt exists! Returning local because checking is only performed in repo update
  CDN: trunk Relative path: Specs/c/1/1/BEMCheckBox/1.4.1/BEMCheckBox.podspec.json exists! Returning local because checking is only performed in repo update
  CDN: trunk Relative path: all_pods_versions_8_8_5.txt exists! Returning local because checking is only performed in repo update
  CDN: trunk Relative path: Specs/8/8/5/MMKV/1.3.9/MMKV.podspec.json exists! Returning local because checking is only performed in repo update
  CDN: trunk Relative path: Specs/c/1/1/BEMCheckBox/1.4.1/BEMCheckBox.podspec.json exists! Returning local because checking is only performed in repo update
  CDN: trunk Relative path: Specs/a/9/3/SocketRocket/0.7.0/SocketRocket.podspec.json exists! Returning local because checking is only performed in repo update
  CDN: trunk Relative path: Specs/8/8/5/MMKV/1.3.9/MMKV.podspec.json exists! Returning local because checking is only performed in repo update
  CDN: trunk Relative path: all_pods_versions_b_d_5.txt exists! Returning local because checking is only performed in repo update
  CDN: trunk Relative path: Specs/b/d/5/MMKVCore/1.3.9/MMKVCore.podspec.json exists! Returning local because checking is only performed in repo update
  CDN: trunk Relative path: Specs/b/d/5/MMKVCore/1.3.9/MMKVCore.podspec.json exists! Returning local because checking is only performed in repo update

Comparing resolved specification to the sandbox manifest
  - AmplifyRTNCore
  - AmplifyRTNWebBrowser
  - BEMCheckBox
  - DoubleConversion
  - FBLazyVector
  - MMKV
  - MMKVCore
  - RCT-Folly
  - RCTDeprecation
  - RCTRequired
  - RCTTypeSafety
  - RNCAsyncStorage
  - RNCCheckbox
  - RNCMaskedView
  - RNGestureHandler
  - RNReactNativeHapticFeedback
  - RNReanimated
  - RNSVG
  - RNScreens
  - RNVectorIcons
  - React
  - React-Core
  - React-CoreModules
  - React-Fabric
  - React-FabricComponents
  - React-FabricImage
  - React-ImageManager
  - React-Mapbuffer
  - React-NativeModulesApple
  - React-RCTActionSheet
  - React-RCTAnimation
  - React-RCTAppDelegate
  - React-RCTBlob
  - React-RCTFabric
  - React-RCTImage
  - React-RCTLinking
  - React-RCTNetwork
  - React-RCTSettings
  - React-RCTText
  - React-RCTVibration
  - React-RuntimeApple
  - React-RuntimeCore
  - React-RuntimeHermes
  - React-callinvoker
  - React-cxxreact
  - React-debug
  - React-defaultsnativemodule
  - React-domnativemodule
  - React-featureflags
  - React-featureflagsnativemodule
  - React-graphics
  - React-hermes
  - React-idlecallbacksnativemodule
  - React-jserrorhandler
  - React-jsi
  - React-jsiexecutor
  - React-jsinspector
  - React-jsitracing
  - React-logger
  - React-microtasksnativemodule
  - React-nativeconfig
  - React-perflogger
  - React-performancetimeline
  - React-rendererconsistency
  - React-rendererdebug
  - React-rncore
  - React-runtimeexecutor
  - React-runtimescheduler
  - React-utils
  - ReactCodegen
  - ReactCommon
  - SocketRocket
  - Yoga
  - boost
  - fmt
  - glog
  - hermes-engine
  - react-native-get-random-values
  - react-native-mmkv
  - react-native-netinfo
  - react-native-pager-view
  - react-native-safe-area-context

Downloading dependencies

-> Using AmplifyRTNCore (1.1.10)

-> Using AmplifyRTNWebBrowser (1.1.4)

-> Using BEMCheckBox (1.4.1)

-> Using DoubleConversion (1.1.6)

-> Using FBLazyVector (0.75.1)

-> Using MMKV (1.3.9)

-> Using MMKVCore (1.3.9)

-> Using RCT-Folly (2024.01.01.00)

-> Using RCTDeprecation (0.75.1)

-> Using RCTRequired (0.75.1)

-> Using RCTTypeSafety (0.75.1)

-> Using RNCAsyncStorage (1.24.0)

-> Using RNCCheckbox (0.5.20)

-> Using RNCMaskedView (0.1.11)

-> Using RNGestureHandler (2.27.1)

-> Using RNReactNativeHapticFeedback (2.3.3)

-> Using RNReanimated (3.18.0)

-> Using RNSVG (15.12.0)

-> Using RNScreens (3.37.0)

-> Using RNVectorIcons (10.2.0)

-> Using React (0.75.1)

-> Using React-Core (0.75.1)

-> Using React-CoreModules (0.75.1)

-> Using React-Fabric (0.75.1)

-> Using React-FabricComponents (0.75.1)

-> Using React-FabricImage (0.75.1)

-> Using React-ImageManager (0.75.1)

-> Using React-Mapbuffer (0.75.1)

-> Using React-NativeModulesApple (0.75.1)

-> Using React-RCTActionSheet (0.75.1)

-> Using React-RCTAnimation (0.75.1)

-> Using React-RCTAppDelegate (0.75.1)

-> Using React-RCTBlob (0.75.1)

-> Using React-RCTFabric (0.75.1)

-> Using React-RCTImage (0.75.1)

-> Using React-RCTLinking (0.75.1)

-> Using React-RCTNetwork (0.75.1)

-> Using React-RCTSettings (0.75.1)

-> Using React-RCTText (0.75.1)

-> Using React-RCTVibration (0.75.1)

-> Using React-RuntimeApple (0.75.1)

-> Using React-RuntimeCore (0.75.1)

-> Using React-RuntimeHermes (0.75.1)

-> Using React-callinvoker (0.75.1)

-> Using React-cxxreact (0.75.1)

-> Using React-debug (0.75.1)

-> Using React-defaultsnativemodule (0.75.1)

-> Using React-domnativemodule (0.75.1)

-> Using React-featureflags (0.75.1)

-> Using React-featureflagsnativemodule (0.75.1)

-> Using React-graphics (0.75.1)

-> Using React-hermes (0.75.1)

-> Using React-idlecallbacksnativemodule (0.75.1)

-> Using React-jserrorhandler (0.75.1)

-> Using React-jsi (0.75.1)

-> Using React-jsiexecutor (0.75.1)

-> Using React-jsinspector (0.75.1)

-> Using React-jsitracing (0.75.1)

-> Using React-logger (0.75.1)

-> Using React-microtasksnativemodule (0.75.1)

-> Using React-nativeconfig (0.75.1)

-> Using React-perflogger (0.75.1)

-> Using React-performancetimeline (0.75.1)

-> Using React-rendererconsistency (0.75.1)

-> Using React-rendererdebug (0.75.1)

-> Using React-rncore (0.75.1)

-> Using React-runtimeexecutor (0.75.1)

-> Using React-runtimescheduler (0.75.1)

-> Using React-utils (0.75.1)

-> Using ReactCodegen (0.75.1)

-> Using ReactCommon (0.75.1)

-> Using SocketRocket (0.7.0)

-> Using Yoga (0.0.0)

-> Using boost (1.84.0)

-> Using fmt (9.1.0)

-> Using glog (0.3.5)

-> Using hermes-engine (0.75.1)

-> Using react-native-get-random-values (1.11.0)

-> Using react-native-mmkv (2.12.2)

-> Using react-native-netinfo (11.4.1)

-> Using react-native-pager-view (6.8.1)

-> Using react-native-safe-area-context (4.14.1)
  - Running pre install hooks
  - Running pre integrate hooks

Generating Pods project
  - Creating Pods project
  - Installing files into Pods project
    - Adding source files
    - Adding frameworks
    - Adding libraries
    - Adding resources
    - Adding development pod helper files
    - Linking headers
  - Installing Pod Targets
    - Installing target `AmplifyRTNCore` iOS 12.4
      - Generating module map file at `Pods/Target Support Files/AmplifyRTNCore/AmplifyRTNCore.modulemap`
      - Generating umbrella header at `Pods/Target Support Files/AmplifyRTNCore/AmplifyRTNCore-umbrella.h`
      - Generating dummy source at `Pods/Target Support Files/AmplifyRTNCore/AmplifyRTNCore-dummy.m`
    - Installing target `AmplifyRTNWebBrowser` iOS 13.0
      - Generating module map file at `Pods/Target Support Files/AmplifyRTNWebBrowser/AmplifyRTNWebBrowser.modulemap`
      - Generating umbrella header at `Pods/Target Support Files/AmplifyRTNWebBrowser/AmplifyRTNWebBrowser-umbrella.h`
      - Generating dummy source at `Pods/Target Support Files/AmplifyRTNWebBrowser/AmplifyRTNWebBrowser-dummy.m`
    - Installing target `BEMCheckBox` iOS 7.0
      - Generating dummy source at `Pods/Target Support Files/BEMCheckBox/BEMCheckBox-dummy.m`
    - Installing target `DoubleConversion` iOS 13.4
      - Generating module map file at `Pods/Target Support Files/DoubleConversion/DoubleConversion.modulemap`
      - Generating umbrella header at `Pods/Target Support Files/DoubleConversion/DoubleConversion-umbrella.h`
      - Generating dummy source at `Pods/Target Support Files/DoubleConversion/DoubleConversion-dummy.m`
    - Installing target `FBLazyVector` iOS 13.4
    - Installing target `MMKV` iOS 12.0
      - Generating dummy source at `Pods/Target Support Files/MMKV/MMKV-dummy.m`
    - Installing target `MMKVCore` iOS 12.0
      - Generating dummy source at `Pods/Target Support Files/MMKVCore/MMKVCore-dummy.m`
    - Installing target `RCT-Folly` iOS 13.4
      - Generating Info.plist file at `Pods/Target Support Files/RCT-Folly/ResourceBundle-RCT-Folly_privacy-RCT-Folly-Info.plist`
      - Generating module map file at `Pods/Target Support Files/RCT-Folly/RCT-Folly.modulemap`
      - Generating umbrella header at `Pods/Target Support Files/RCT-Folly/RCT-Folly-umbrella.h`
      - Generating dummy source at `Pods/Target Support Files/RCT-Folly/RCT-Folly-dummy.m`
    - Installing target `RCTDeprecation` iOS 4.3
      - Generating module map file at `Pods/Target Support Files/RCTDeprecation/RCTDeprecation.modulemap`
      - Generating umbrella header at `Pods/Target Support Files/RCTDeprecation/RCTDeprecation-umbrella.h`
      - Generating dummy source at `Pods/Target Support Files/RCTDeprecation/RCTDeprecation-dummy.m`
    - Installing target `RCTRequired` iOS 13.4
    - Installing target `RCTTypeSafety` iOS 13.4
      - Generating module map file at `Pods/Target Support Files/RCTTypeSafety/RCTTypeSafety.modulemap`
      - Generating umbrella header at `Pods/Target Support Files/RCTTypeSafety/RCTTypeSafety-umbrella.h`
      - Generating dummy source at `Pods/Target Support Files/RCTTypeSafety/RCTTypeSafety-dummy.m`
    - Installing target `RNCAsyncStorage` iOS 9.0
      - Generating Info.plist file at `Pods/Target Support Files/RNCAsyncStorage/ResourceBundle-RNCAsyncStorage_resources-RNCAsyncStorage-Info.plist`
      - Generating dummy source at `Pods/Target Support Files/RNCAsyncStorage/RNCAsyncStorage-dummy.m`
    - Installing target `RNCCheckbox` iOS 9.0
      - Generating dummy source at `Pods/Target Support Files/RNCCheckbox/RNCCheckbox-dummy.m`
    - Installing target `RNCMaskedView` iOS 9.0
      - Generating dummy source at `Pods/Target Support Files/RNCMaskedView/RNCMaskedView-dummy.m`
    - Installing target `RNGestureHandler` iOS 11.0
      - Generating dummy source at `Pods/Target Support Files/RNGestureHandler/RNGestureHandler-dummy.m`
    - Installing target `RNReactNativeHapticFeedback` iOS 12.4
      - Generating dummy source at `Pods/Target Support Files/RNReactNativeHapticFeedback/RNReactNativeHapticFeedback-dummy.m`
    - Installing target `RNReanimated` iOS 13.4
      - Generating module map file at `Pods/Target Support Files/RNReanimated/RNReanimated.modulemap`
      - Generating umbrella header at `Pods/Target Support Files/RNReanimated/RNReanimated-umbrella.h`
      - Generating dummy source at `Pods/Target Support Files/RNReanimated/RNReanimated-dummy.m`
    - Installing target `RNSVG` iOS 12.4
      - Generating Info.plist file at `Pods/Target Support Files/RNSVG/ResourceBundle-RNSVGFilters-RNSVG-Info.plist`
      - Generating dummy source at `Pods/Target Support Files/RNSVG/RNSVG-dummy.m`
    - Installing target `RNScreens` iOS 9.0
      - Generating dummy source at `Pods/Target Support Files/RNScreens/RNScreens-dummy.m`
    - Installing target `RNVectorIcons` iOS 12.0
      - Generating dummy source at `Pods/Target Support Files/RNVectorIcons/RNVectorIcons-dummy.m`
    - Installing target `React` iOS 13.4
    - Installing target `React-Core` iOS 13.4
      - Generating Info.plist file at `Pods/Target Support Files/React-Core/ResourceBundle-React-Core_privacy-React-Core-Info.plist`
      - Generating module map file at `Pods/Target Support Files/React-Core/React-Core.modulemap`
      - Generating umbrella header at `Pods/Target Support Files/React-Core/React-Core-umbrella.h`
      - Generating dummy source at `Pods/Target Support Files/React-Core/React-Core-dummy.m`
    - Installing target `React-CoreModules` iOS 13.4
      - Generating dummy source at `Pods/Target Support Files/React-CoreModules/React-CoreModules-dummy.m`
    - Installing target `React-Fabric` iOS 13.4
      - Generating module map file at `Pods/Target Support Files/React-Fabric/React-Fabric.modulemap`
      - Generating umbrella header at `Pods/Target Support Files/React-Fabric/React-Fabric-umbrella.h`
      - Generating dummy source at `Pods/Target Support Files/React-Fabric/React-Fabric-dummy.m`
    - Installing target `React-FabricComponents` iOS 13.4
      - Generating module map file at `Pods/Target Support Files/React-FabricComponents/React-FabricComponents.modulemap`
      - Generating umbrella header at `Pods/Target Support Files/React-FabricComponents/React-FabricComponents-umbrella.h`
      - Generating dummy source at `Pods/Target Support Files/React-FabricComponents/React-FabricComponents-dummy.m`
    - Installing target `React-FabricImage` iOS 13.4
      - Generating dummy source at `Pods/Target Support Files/React-FabricImage/React-FabricImage-dummy.m`
    - Installing target `React-ImageManager` iOS 13.4
      - Generating module map file at `Pods/Target Support Files/React-ImageManager/React-ImageManager.modulemap`
      - Generating umbrella header at `Pods/Target Support Files/React-ImageManager/React-ImageManager-umbrella.h`
      - Generating dummy source at `Pods/Target Support Files/React-ImageManager/React-ImageManager-dummy.m`
    - Installing target `React-Mapbuffer` iOS 13.4
      - Generating dummy source at `Pods/Target Support Files/React-Mapbuffer/React-Mapbuffer-dummy.m`
    - Installing target `React-NativeModulesApple` iOS 13.4
      - Generating module map file at `Pods/Target Support Files/React-NativeModulesApple/React-NativeModulesApple.modulemap`
      - Generating umbrella header at `Pods/Target Support Files/React-NativeModulesApple/React-NativeModulesApple-umbrella.h`
      - Generating dummy source at `Pods/Target Support Files/React-NativeModulesApple/React-NativeModulesApple-dummy.m`
    - Installing target `React-RCTActionSheet` iOS 13.4
    - Installing target `React-RCTAnimation` iOS 13.4
      - Generating dummy source at `Pods/Target Support Files/React-RCTAnimation/React-RCTAnimation-dummy.m`
    - Installing target `React-RCTAppDelegate` iOS 13.4
      - Generating module map file at `Pods/Target Support Files/React-RCTAppDelegate/React-RCTAppDelegate.modulemap`
      - Generating umbrella header at `Pods/Target Support Files/React-RCTAppDelegate/React-RCTAppDelegate-umbrella.h`
      - Generating dummy source at `Pods/Target Support Files/React-RCTAppDelegate/React-RCTAppDelegate-dummy.m`
    - Installing target `React-RCTBlob` iOS 13.4
      - Generating dummy source at `Pods/Target Support Files/React-RCTBlob/React-RCTBlob-dummy.m`
    - Installing target `React-RCTFabric` iOS 13.4
      - Generating module map file at `Pods/Target Support Files/React-RCTFabric/React-RCTFabric.modulemap`
      - Generating umbrella header at `Pods/Target Support Files/React-RCTFabric/React-RCTFabric-umbrella.h`
      - Generating dummy source at `Pods/Target Support Files/React-RCTFabric/React-RCTFabric-dummy.m`
    - Installing target `React-RCTImage` iOS 13.4
      - Generating dummy source at `Pods/Target Support Files/React-RCTImage/React-RCTImage-dummy.m`
    - Installing target `React-RCTLinking` iOS 13.4
      - Generating dummy source at `Pods/Target Support Files/React-RCTLinking/React-RCTLinking-dummy.m`
    - Installing target `React-RCTNetwork` iOS 13.4
      - Generating dummy source at `Pods/Target Support Files/React-RCTNetwork/React-RCTNetwork-dummy.m`
    - Installing target `React-RCTSettings` iOS 13.4
      - Generating dummy source at `Pods/Target Support Files/React-RCTSettings/React-RCTSettings-dummy.m`
    - Installing target `React-RCTText` iOS 13.4
      - Generating dummy source at `Pods/Target Support Files/React-RCTText/React-RCTText-dummy.m`
    - Installing target `React-RCTVibration` iOS 13.4
      - Generating dummy source at `Pods/Target Support Files/React-RCTVibration/React-RCTVibration-dummy.m`
    - Installing target `React-RuntimeApple` iOS 13.4
      - Generating dummy source at `Pods/Target Support Files/React-RuntimeApple/React-RuntimeApple-dummy.m`
    - Installing target `React-RuntimeCore` iOS 13.4
      - Generating dummy source at `Pods/Target Support Files/React-RuntimeCore/React-RuntimeCore-dummy.m`
    - Installing target `React-RuntimeHermes` iOS 13.4
      - Generating dummy source at `Pods/Target Support Files/React-RuntimeHermes/React-RuntimeHermes-dummy.m`
    - Installing target `React-callinvoker` iOS 13.4
    - Installing target `React-cxxreact` iOS 13.4
      - Generating Info.plist file at `Pods/Target Support Files/React-cxxreact/ResourceBundle-React-cxxreact_privacy-React-cxxreact-Info.plist`
      - Generating dummy source at `Pods/Target Support Files/React-cxxreact/React-cxxreact-dummy.m`
    - Installing target `React-debug` iOS 13.4
      - Generating module map file at `Pods/Target Support Files/React-debug/React-debug.modulemap`
      - Generating umbrella header at `Pods/Target Support Files/React-debug/React-debug-umbrella.h`
      - Generating dummy source at `Pods/Target Support Files/React-debug/React-debug-dummy.m`
    - Installing target `React-defaultsnativemodule` iOS 13.4
      - Generating module map file at `Pods/Target Support Files/React-defaultsnativemodule/React-defaultsnativemodule.modulemap`
      - Generating umbrella header at `Pods/Target Support Files/React-defaultsnativemodule/React-defaultsnativemodule-umbrella.h`
      - Generating dummy source at `Pods/Target Support Files/React-defaultsnativemodule/React-defaultsnativemodule-dummy.m`
    - Installing target `React-domnativemodule` iOS 13.4
      - Generating module map file at `Pods/Target Support Files/React-domnativemodule/React-domnativemodule.modulemap`
      - Generating umbrella header at `Pods/Target Support Files/React-domnativemodule/React-domnativemodule-umbrella.h`
      - Generating dummy source at `Pods/Target Support Files/React-domnativemodule/React-domnativemodule-dummy.m`
    - Installing target `React-featureflags` iOS 13.4
      - Generating module map file at `Pods/Target Support Files/React-featureflags/React-featureflags.modulemap`
      - Generating umbrella header at `Pods/Target Support Files/React-featureflags/React-featureflags-umbrella.h`
      - Generating dummy source at `Pods/Target Support Files/React-featureflags/React-featureflags-dummy.m`
    - Installing target `React-featureflagsnativemodule` iOS 13.4
      - Generating module map file at `Pods/Target Support Files/React-featureflagsnativemodule/React-featureflagsnativemodule.modulemap`
      - Generating umbrella header at `Pods/Target Support Files/React-featureflagsnativemodule/React-featureflagsnativemodule-umbrella.h`
      - Generating dummy source at `Pods/Target Support Files/React-featureflagsnativemodule/React-featureflagsnativemodule-dummy.m`
    - Installing target `React-graphics` iOS 13.4
      - Generating module map file at `Pods/Target Support Files/React-graphics/React-graphics.modulemap`
      - Generating umbrella header at `Pods/Target Support Files/React-graphics/React-graphics-umbrella.h`
      - Generating dummy source at `Pods/Target Support Files/React-graphics/React-graphics-dummy.m`
    - Installing target `React-hermes` iOS 13.4
      - Generating dummy source at `Pods/Target Support Files/React-hermes/React-hermes-dummy.m`
    - Installing target `React-idlecallbacksnativemodule` iOS 13.4
      - Generating module map file at `Pods/Target Support Files/React-idlecallbacksnativemodule/React-idlecallbacksnativemodule.modulemap`
      - Generating umbrella header at `Pods/Target Support Files/React-idlecallbacksnativemodule/React-idlecallbacksnativemodule-umbrella.h`
      - Generating dummy source at `Pods/Target Support Files/React-idlecallbacksnativemodule/React-idlecallbacksnativemodule-dummy.m`
    - Installing target `React-jserrorhandler` iOS 13.4
      - Generating dummy source at `Pods/Target Support Files/React-jserrorhandler/React-jserrorhandler-dummy.m`
    - Installing target `React-jsi` iOS 13.4
      - Generating module map file at `Pods/Target Support Files/React-jsi/React-jsi.modulemap`
      - Generating umbrella header at `Pods/Target Support Files/React-jsi/React-jsi-umbrella.h`
      - Generating dummy source at `Pods/Target Support Files/React-jsi/React-jsi-dummy.m`
    - Installing target `React-jsiexecutor` iOS 13.4
      - Generating dummy source at `Pods/Target Support Files/React-jsiexecutor/React-jsiexecutor-dummy.m`
    - Installing target `React-jsinspector` iOS 13.4
      - Generating module map file at `Pods/Target Support Files/React-jsinspector/React-jsinspector.modulemap`
      - Generating umbrella header at `Pods/Target Support Files/React-jsinspector/React-jsinspector-umbrella.h`
      - Generating dummy source at `Pods/Target Support Files/React-jsinspector/React-jsinspector-dummy.m`
    - Installing target `React-jsitracing` iOS 13.4
    - Installing target `React-logger` iOS 13.4
      - Generating dummy source at `Pods/Target Support Files/React-logger/React-logger-dummy.m`
    - Installing target `React-microtasksnativemodule` iOS 13.4
      - Generating module map file at `Pods/Target Support Files/React-microtasksnativemodule/React-microtasksnativemodule.modulemap`
      - Generating umbrella header at `Pods/Target Support Files/React-microtasksnativemodule/React-microtasksnativemodule-umbrella.h`
      - Generating dummy source at `Pods/Target Support Files/React-microtasksnativemodule/React-microtasksnativemodule-dummy.m`
    - Installing target `React-nativeconfig` iOS 13.4
      - Generating dummy source at `Pods/Target Support Files/React-nativeconfig/React-nativeconfig-dummy.m`
    - Installing target `React-perflogger` iOS 13.4
      - Generating dummy source at `Pods/Target Support Files/React-perflogger/React-perflogger-dummy.m`
    - Installing target `React-performancetimeline` iOS 13.4
      - Generating dummy source at `Pods/Target Support Files/React-performancetimeline/React-performancetimeline-dummy.m`
    - Installing target `React-rendererconsistency` iOS 13.4
      - Generating dummy source at `Pods/Target Support Files/React-rendererconsistency/React-rendererconsistency-dummy.m`
    - Installing target `React-rendererdebug` iOS 13.4
      - Generating module map file at `Pods/Target Support Files/React-rendererdebug/React-rendererdebug.modulemap`
      - Generating umbrella header at `Pods/Target Support Files/React-rendererdebug/React-rendererdebug-umbrella.h`
      - Generating dummy source at `Pods/Target Support Files/React-rendererdebug/React-rendererdebug-dummy.m`
    - Installing target `React-rncore` iOS 13.4
    - Installing target `React-runtimeexecutor` iOS 13.4
    - Installing target `React-runtimescheduler` iOS 13.4
      - Generating dummy source at `Pods/Target Support Files/React-runtimescheduler/React-runtimescheduler-dummy.m`
    - Installing target `React-utils` iOS 13.4
      - Generating module map file at `Pods/Target Support Files/React-utils/React-utils.modulemap`
      - Generating umbrella header at `Pods/Target Support Files/React-utils/React-utils-umbrella.h`
      - Generating dummy source at `Pods/Target Support Files/React-utils/React-utils-dummy.m`
    - Installing target `ReactCodegen` iOS 13.4
      - Generating module map file at `Pods/Target Support Files/ReactCodegen/ReactCodegen.modulemap`
      - Generating umbrella header at `Pods/Target Support Files/ReactCodegen/ReactCodegen-umbrella.h`
      - Generating dummy source at `Pods/Target Support Files/ReactCodegen/ReactCodegen-dummy.m`
    - Installing target `ReactCommon` iOS 13.4
      - Generating module map file at `Pods/Target Support Files/ReactCommon/ReactCommon.modulemap`
      - Generating umbrella header at `Pods/Target Support Files/ReactCommon/ReactCommon-umbrella.h`
      - Generating dummy source at `Pods/Target Support Files/ReactCommon/ReactCommon-dummy.m`
    - Installing target `SocketRocket` iOS 11.0
      - Generating dummy source at `Pods/Target Support Files/SocketRocket/SocketRocket-dummy.m`
    - Installing target `Yoga` iOS 13.4
      - Generating module map file at `Pods/Target Support Files/Yoga/Yoga.modulemap`
      - Generating umbrella header at `Pods/Target Support Files/Yoga/Yoga-umbrella.h`
      - Generating dummy source at `Pods/Target Support Files/Yoga/Yoga-dummy.m`
    - Installing target `boost` iOS 13.4
      - Generating Info.plist file at `Pods/Target Support Files/boost/ResourceBundle-boost_privacy-boost-Info.plist`
    - Installing target `fmt` iOS 13.4
      - Generating dummy source at `Pods/Target Support Files/fmt/fmt-dummy.m`
    - Installing target `glog` iOS 13.4
      - Generating Info.plist file at `Pods/Target Support Files/glog/ResourceBundle-glog_privacy-glog-Info.plist`
      - Generating module map file at `Pods/Target Support Files/glog/glog.modulemap`
      - Generating umbrella header at `Pods/Target Support Files/glog/glog-umbrella.h`
      - Generating dummy source at `Pods/Target Support Files/glog/glog-dummy.m`
    - Installing target `hermes-engine` iOS 13.4
    - Installing target `react-native-get-random-values` iOS 9.0
      - Generating dummy source at `Pods/Target Support Files/react-native-get-random-values/react-native-get-random-values-dummy.m`
    - Installing target `react-native-mmkv` iOS 11.0
      - Generating dummy source at `Pods/Target Support Files/react-native-mmkv/react-native-mmkv-dummy.m`
    - Installing target `react-native-netinfo` iOS 9.0
      - Generating dummy source at `Pods/Target Support Files/react-native-netinfo/react-native-netinfo-dummy.m`
    - Installing target `react-native-pager-view` iOS 10.0
      - Generating dummy source at `Pods/Target Support Files/react-native-pager-view/react-native-pager-view-dummy.m`
    - Installing target `react-native-safe-area-context` iOS 12.4
      - Generating dummy source at `Pods/Target Support Files/react-native-safe-area-context/react-native-safe-area-context-dummy.m`
  - Installing Aggregate Targets
    - Installing target `Pods-client` iOS 13.4
      - Generating module map file at `Pods/Target Support Files/Pods-client/Pods-client.modulemap`
      - Generating umbrella header at `Pods/Target Support Files/Pods-client/Pods-client-umbrella.h`
      - Generating dummy source at `Pods/Target Support Files/Pods-client/Pods-client-dummy.m`
    - Installing target `Pods-client-clientTests` iOS 13.4
      - Generating module map file at `Pods/Target Support Files/Pods-client-clientTests/Pods-client-clientTests.modulemap`
      - Generating umbrella header at `Pods/Target Support Files/Pods-client-clientTests/Pods-client-clientTests-umbrella.h`
      - Generating dummy source at `Pods/Target Support Files/Pods-client-clientTests/Pods-client-clientTests-dummy.m`
  - Integrating targets

Integrating target `React-Fabric`
    Adding Build Phase '[CP-User] [RN]Check rncore' to project.

Integrating target `React-FabricComponents`
    Adding Build Phase '[CP-User] [RN]Check rncore' to project.

Integrating target `ReactCodegen`
    Adding Build Phase '[CP-User] Generate Specs' to project.

Integrating target `hermes-engine`
    Adding Build Phase '[CP] Copy XCFrameworks' to project.
    Adding Build Phase '[CP-User] [Hermes] Replace Hermes for the right configuration, if needed' to project.
  - Stabilizing target UUIDs
  - Running post install hooks
Setting USE_HERMES build settings
Setting REACT_NATIVE_PATH build settings
Setting SWIFT_ACTIVE_COMPILATION_CONDITIONS build settings
[Ccache]: Removing Ccache from CC, LD, CXX & LDPLUSPLUS build settings
[SPM] Cleaning old SPM dependencies from Pods project
[SPM] Adding SPM dependencies to Pods project
[Privacy Manifest Aggregation] Appending aggregated reasons to existing PrivacyInfo.xcprivacy file.
[Privacy Manifest Aggregation] Reading .xcprivacy files to aggregate all used Required Reason APIs.
Setting CLANG_CXX_LANGUAGE_STANDARD to c++20 on /Users/adamdomnie/dev/ReactNative/rnToDo/client/ios/client.xcodeproj
Pod install took 17 [s] to run
    - Podfile
  - Writing Xcode project file to `Pods/Pods.xcodeproj`
  Cleaning up sandbox directory

Integrating client project

Integrating target `Pods-client` (`client.xcodeproj` project)

Integrating target `Pods-client-clientTests` (`client.xcodeproj` project)
  - Running post integrate hooks
  - Writing Lockfile in `Podfile.lock`
  - Writing Manifest in `Pods/Manifest.lock`
  CDN: trunk Relative path: CocoaPods-version.yml exists! Returning local because checking is only performed in repo update

-> Pod installation complete! There are 80 dependencies from the Podfile and 82 total pods installed.
